<?xml version="1.0" encoding="UTF-8"?>
<!-- Generated by org.testng.reporters.JUnitReportReporter -->
<testsuite skipped="0" hostname="LAPTOP-HAGVT14E" name="weeklyassignments.ReadingExcel" tests="3" failures="0" timestamp="31 May 2021 13:56:46 GMT" time="0.008" errors="0">
  <testcase name="getExcelValue" time="0.001" classname="weeklyassignments.ReadingExcel"/>
  <testcase name="getExcelValue" time="0.006" classname="weeklyassignments.ReadingExcel"/>
  <testcase name="getExcelValue" time="0.001" classname="weeklyassignments.ReadingExcel"/>
</testsuite> <!-- weeklyassignments.ReadingExcel -->
